<?xml version="1.0" encoding="UTF-8"?>
<!-- Generated by org.testng.reporters.JUnitReportReporter -->
<testsuite hostname="DESKTOP-332345G" failures="0" tests="1" name="RWS.tests.AccessibilityTest" time="691.199" errors="0" timestamp="2024-06-03T15:21:52 IST" skipped="0">
  <testcase classname="RWS.tests.AccessibilityTest" name="Perceivable" time="691.199"/>
</testsuite> <!-- RWS.tests.AccessibilityTest -->
