<?xml version="1.0" encoding="UTF-8"?>
<!-- Generated by org.testng.reporters.JUnitReportReporter -->
<testsuite hostname="DESKTOP-332345G" failures="0" tests="2" name="RWS.tests.AccessibilityTest" time="81.225" errors="0" timestamp="2024-04-01T11:20:15 IST" skipped="0">
  <testcase classname="RWS.tests.AccessibilityTest" name="Accessibility" time="42.110"/>
  <testcase classname="RWS.tests.AccessibilityTest" name="Accessibility" time="39.115"/>
</testsuite> <!-- RWS.tests.AccessibilityTest -->
